::1 - - [14/Sep/2022:18:08:10 +0530] "GET / HTTP/1.1" 200 284
::1 - - [14/Sep/2022:18:09:10 +0530] "-" 408 -
::1 - - [14/Sep/2022:18:09:47 +0530] "GET / HTTP/1.1" 200 284
::1 - - [14/Sep/2022:18:09:49 +0530] "GET / HTTP/1.1" 200 284
::1 - - [14/Sep/2022:18:09:49 +0530] "GET / HTTP/1.1" 200 284
::1 - - [14/Sep/2022:18:10:47 +0530] "-" 408 -
::1 - - [14/Sep/2022:18:11:22 +0530] "GET / HTTP/1.1" 200 162
::1 - - [14/Sep/2022:18:11:24 +0530] "GET / HTTP/1.1" 200 162
::1 - - [14/Sep/2022:18:11:25 +0530] "GET / HTTP/1.1" 200 162
::1 - - [14/Sep/2022:18:12:22 +0530] "-" 408 -
::1 - - [14/Sep/2022:18:12:49 +0530] "POST /phpmyadmin/index.php?route=/ HTTP/1.1" 200 1556
::1 - - [14/Sep/2022:18:13:42 +0530] "GET / HTTP/1.1" 200 284
::1 - - [14/Sep/2022:18:14:42 +0530] "-" 408 -
::1 - - [14/Sep/2022:18:15:07 +0530] "GET / HTTP/1.1" 200 218
::1 - - [14/Sep/2022:18:15:08 +0530] "GET / HTTP/1.1" 200 218
::1 - - [14/Sep/2022:18:15:08 +0530] "GET / HTTP/1.1" 200 218
::1 - - [14/Sep/2022:18:15:19 +0530] "GET / HTTP/1.1" 200 284
::1 - - [14/Sep/2022:18:16:19 +0530] "-" 408 -
::1 - - [14/Sep/2022:18:24:48 +0530] "GET / HTTP/1.1" 200 260
::1 - - [14/Sep/2022:18:25:08 +0530] "GET /search_1.php?fname=1 HTTP/1.1" 500 18
::1 - - [14/Sep/2022:18:26:08 +0530] "-" 408 -
::1 - - [14/Sep/2022:18:26:53 +0530] "GET /search_1.php?fname=1 HTTP/1.1" 200 66
::1 - - [14/Sep/2022:18:27:53 +0530] "-" 408 -
::1 - - [14/Sep/2022:18:28:02 +0530] "GET /search_1.php?fname=1 HTTP/1.1" 200 66
::1 - - [14/Sep/2022:18:28:03 +0530] "GET /search_1.php?fname=1 HTTP/1.1" 200 66
::1 - - [14/Sep/2022:18:28:04 +0530] "GET /search_1.php?fname=1 HTTP/1.1" 200 66
::1 - - [14/Sep/2022:18:28:10 +0530] "GET /search_1.php?fname=1 HTTP/1.1" 200 66
::1 - - [14/Sep/2022:18:28:11 +0530] "GET /search_1.php?fname=1 HTTP/1.1" 200 66
::1 - - [14/Sep/2022:18:28:11 +0530] "GET /search_1.php?fname=1 HTTP/1.1" 200 66
::1 - - [14/Sep/2022:18:28:11 +0530] "GET /search_1.php?fname=1 HTTP/1.1" 200 66
::1 - - [14/Sep/2022:18:28:11 +0530] "GET /search_1.php?fname=1 HTTP/1.1" 200 66
::1 - - [14/Sep/2022:18:28:16 +0530] "GET / HTTP/1.1" 200 260
::1 - - [14/Sep/2022:18:28:24 +0530] "GET /search_1.php?fname=1 HTTP/1.1" 200 66
::1 - - [14/Sep/2022:18:28:42 +0530] "GET / HTTP/1.1" 200 260
::1 - - [14/Sep/2022:18:28:45 +0530] "GET /search_1.php?fname=1 HTTP/1.1" 500 18
::1 - - [14/Sep/2022:18:28:57 +0530] "GET / HTTP/1.1" 200 260
::1 - - [14/Sep/2022:18:28:59 +0530] "GET /search_1.php?fname=1 HTTP/1.1" 200 66
::1 - - [14/Sep/2022:18:29:43 +0530] "GET / HTTP/1.1" 200 260
::1 - - [14/Sep/2022:18:29:45 +0530] "GET /search_1.php?fname=2 HTTP/1.1" 200 66
::1 - - [14/Sep/2022:18:30:43 +0530] "-" 408 -
::1 - - [14/Sep/2022:18:38:13 +0530] "GET / HTTP/1.1" 200 260
::1 - - [14/Sep/2022:18:38:23 +0530] "GET /search_1.php?fname=2 HTTP/1.1" 500 -
::1 - - [14/Sep/2022:18:38:27 +0530] "GET /search_1.php?fname=1 HTTP/1.1" 500 -
::1 - - [14/Sep/2022:18:38:29 +0530] "GET /search_1.php?fname=1 HTTP/1.1" 500 -
::1 - - [14/Sep/2022:18:38:30 +0530] "GET /search_1.php?fname=1 HTTP/1.1" 500 -
::1 - - [14/Sep/2022:18:38:30 +0530] "GET /search_1.php?fname=1 HTTP/1.1" 500 -
::1 - - [14/Sep/2022:18:38:30 +0530] "GET /search_1.php?fname=1 HTTP/1.1" 500 -
::1 - - [14/Sep/2022:18:38:30 +0530] "GET /search_1.php?fname=1 HTTP/1.1" 500 -
::1 - - [14/Sep/2022:18:38:37 +0530] "GET / HTTP/1.1" 200 260
::1 - - [14/Sep/2022:18:38:40 +0530] "GET /search_1.php?fname=1 HTTP/1.1" 500 -
::1 - - [14/Sep/2022:18:39:12 +0530] "GET / HTTP/1.1" 200 260
::1 - - [14/Sep/2022:18:39:15 +0530] "GET /search_1.php?fname=1 HTTP/1.1" 500 -
::1 - - [14/Sep/2022:18:39:33 +0530] "GET / HTTP/1.1" 200 260
::1 - - [14/Sep/2022:18:39:35 +0530] "GET /search_1.php?fname=1 HTTP/1.1" 200 66
::1 - - [14/Sep/2022:18:40:33 +0530] "-" 408 -
::1 - - [14/Sep/2022:18:42:52 +0530] "GET /search_1.php?fname=1 HTTP/1.1" 500 -
::1 - - [14/Sep/2022:18:42:53 +0530] "GET /search_1.php?fname=1 HTTP/1.1" 500 -
::1 - - [14/Sep/2022:18:42:53 +0530] "GET /search_1.php?fname=1 HTTP/1.1" 500 -
::1 - - [14/Sep/2022:18:42:54 +0530] "GET /search_1.php?fname=1 HTTP/1.1" 500 -
::1 - - [14/Sep/2022:18:42:56 +0530] "GET /search_1.php?fname=1 HTTP/1.1" 500 -
::1 - - [14/Sep/2022:18:43:42 +0530] "GET / HTTP/1.1" 200 260
::1 - - [14/Sep/2022:18:43:45 +0530] "GET /search_1.php?fname=2 HTTP/1.1" 500 -
::1 - - [14/Sep/2022:18:44:42 +0530] "-" 408 -
::1 - - [14/Sep/2022:18:46:02 +0530] "GET /search_1.php?fname=2 HTTP/1.1" 500 -
::1 - - [14/Sep/2022:18:46:03 +0530] "GET /search_1.php?fname=2 HTTP/1.1" 500 -
::1 - - [14/Sep/2022:18:46:06 +0530] "GET / HTTP/1.1" 200 260
::1 - - [14/Sep/2022:18:46:09 +0530] "GET /search_1.php?fname=1 HTTP/1.1" 500 -
::1 - - [14/Sep/2022:18:46:48 +0530] "GET / HTTP/1.1" 200 260
::1 - - [14/Sep/2022:18:46:50 +0530] "GET /search_1.php?fname=1 HTTP/1.1" 500 -
::1 - - [14/Sep/2022:18:47:20 +0530] "GET / HTTP/1.1" 200 260
::1 - - [14/Sep/2022:18:47:36 +0530] "GET /search_1.php?fname=1 HTTP/1.1" 500 -
::1 - - [14/Sep/2022:18:48:04 +0530] "GET / HTTP/1.1" 200 260
::1 - - [14/Sep/2022:18:48:06 +0530] "GET /search_1.php?fname=1 HTTP/1.1" 500 -
::1 - - [14/Sep/2022:18:48:26 +0530] "GET / HTTP/1.1" 200 260
::1 - - [14/Sep/2022:18:48:28 +0530] "GET /search_1.php?fname=1 HTTP/1.1" 500 -
::1 - - [14/Sep/2022:18:48:41 +0530] "GET / HTTP/1.1" 200 260
::1 - - [14/Sep/2022:18:48:43 +0530] "GET /search_1.php?fname=1 HTTP/1.1" 200 66
::1 - - [14/Sep/2022:18:49:02 +0530] "GET / HTTP/1.1" 200 260
::1 - - [14/Sep/2022:18:49:04 +0530] "GET /search_1.php?fname=3 HTTP/1.1" 200 66
::1 - - [14/Sep/2022:18:50:02 +0530] "-" 408 -
::1 - - [14/Sep/2022:18:53:28 +0530] "GET / HTTP/1.1" 200 260
::1 - - [14/Sep/2022:18:53:33 +0530] "GET /search_1.php?fname=1 HTTP/1.1" 200 66
::1 - - [14/Sep/2022:18:54:28 +0530] "-" 408 -
::1 - - [14/Sep/2022:18:56:05 +0530] "GET / HTTP/1.1" 200 267
::1 - - [14/Sep/2022:18:57:05 +0530] "-" 408 -
::1 - - [14/Sep/2022:19:16:48 +0530] "GET / HTTP/1.1" 200 240
::1 - - [14/Sep/2022:19:16:49 +0530] "GET / HTTP/1.1" 200 240
::1 - - [14/Sep/2022:19:16:50 +0530] "GET / HTTP/1.1" 200 240
::1 - - [14/Sep/2022:19:16:51 +0530] "GET / HTTP/1.1" 200 240
::1 - - [14/Sep/2022:19:16:52 +0530] "GET / HTTP/1.1" 200 240
::1 - - [14/Sep/2022:19:17:09 +0530] "GET / HTTP/1.1" 200 237
::1 - - [14/Sep/2022:19:18:09 +0530] "-" 408 -
::1 - - [14/Sep/2022:19:21:01 +0530] "GET / HTTP/1.1" 200 260
::1 - - [14/Sep/2022:19:21:39 +0530] "GET / HTTP/1.1" 200 221
::1 - - [14/Sep/2022:19:21:42 +0530] "GET /search_1.php?keyword=1 HTTP/1.1" 200 66
::1 - - [14/Sep/2022:19:22:39 +0530] "-" 408 -
::1 - - [14/Sep/2022:19:23:02 +0530] "GET / HTTP/1.1" 200 263
::1 - - [14/Sep/2022:19:24:02 +0530] "-" 408 -
::1 - - [14/Sep/2022:19:24:07 +0530] "GET /search_1.php?keyword=1 HTTP/1.1" 200 66
::1 - - [14/Sep/2022:19:25:07 +0530] "-" 408 -
::1 - - [14/Sep/2022:19:26:05 +0530] "GET /search_1.php?keyword=1 HTTP/1.1" 200 66
::1 - - [14/Sep/2022:19:26:08 +0530] "GET /search_1.php?keyword=1 HTTP/1.1" 200 66
::1 - - [14/Sep/2022:19:26:11 +0530] "GET /search_1.php?keyword=1 HTTP/1.1" 200 66
::1 - - [14/Sep/2022:19:26:18 +0530] "GET /search_1.php?keyword=1 HTTP/1.1" 200 66
::1 - - [14/Sep/2022:19:26:18 +0530] "GET /search_1.php?keyword=1 HTTP/1.1" 200 66
::1 - - [14/Sep/2022:19:26:49 +0530] "GET /search_1.php?keyword=1 HTTP/1.1" 200 66
::1 - - [14/Sep/2022:19:26:54 +0530] "GET / HTTP/1.1" 200 263
::1 - - [14/Sep/2022:19:26:57 +0530] "GET /search_1.php?keyword=2 HTTP/1.1" 200 66
::1 - - [14/Sep/2022:19:27:03 +0530] "GET /search_1.php?keyword=2 HTTP/1.1" 200 66
::1 - - [14/Sep/2022:19:27:04 +0530] "GET /search_1.php?keyword=2 HTTP/1.1" 200 66
::1 - - [14/Sep/2022:19:27:05 +0530] "GET /search_1.php?keyword=2 HTTP/1.1" 200 66
::1 - - [14/Sep/2022:19:27:05 +0530] "GET /search_1.php?keyword=2 HTTP/1.1" 200 66
::1 - - [14/Sep/2022:19:27:05 +0530] "GET /search_1.php?keyword=2 HTTP/1.1" 200 66
::1 - - [14/Sep/2022:19:27:06 +0530] "GET /search_1.php?keyword=2 HTTP/1.1" 200 66
::1 - - [14/Sep/2022:19:27:12 +0530] "GET /search_1.php?keyword=2 HTTP/1.1" 200 66
::1 - - [14/Sep/2022:19:27:12 +0530] "GET /search_1.php?keyword=2 HTTP/1.1" 200 66
::1 - - [14/Sep/2022:19:27:13 +0530] "GET /search_1.php?keyword=2 HTTP/1.1" 200 66
::1 - - [14/Sep/2022:19:27:13 +0530] "GET /search_1.php?keyword=2 HTTP/1.1" 200 66
::1 - - [14/Sep/2022:19:27:13 +0530] "GET /search_1.php?keyword=2 HTTP/1.1" 200 66
::1 - - [14/Sep/2022:19:27:16 +0530] "GET / HTTP/1.1" 200 263
::1 - - [14/Sep/2022:19:27:17 +0530] "GET /search_1.php?keyword=2 HTTP/1.1" 200 66
::1 - - [14/Sep/2022:19:27:34 +0530] "GET /search_1.php?keyword=2 HTTP/1.1" 200 66
::1 - - [14/Sep/2022:19:27:34 +0530] "GET /search_1.php?keyword=2 HTTP/1.1" 200 66
::1 - - [14/Sep/2022:19:27:34 +0530] "GET /search_1.php?keyword=2 HTTP/1.1" 200 66
::1 - - [14/Sep/2022:19:27:34 +0530] "GET /search_1.php?keyword=2 HTTP/1.1" 200 66
::1 - - [14/Sep/2022:19:27:35 +0530] "GET /search_1.php?keyword=2 HTTP/1.1" 200 66
::1 - - [14/Sep/2022:19:27:35 +0530] "GET /search_1.php?keyword=2 HTTP/1.1" 200 66
::1 - - [14/Sep/2022:19:27:35 +0530] "GET /search_1.php?keyword=2 HTTP/1.1" 200 66
::1 - - [14/Sep/2022:19:27:35 +0530] "GET /search_1.php?keyword=2 HTTP/1.1" 200 66
::1 - - [14/Sep/2022:19:27:35 +0530] "GET /search_1.php?keyword=2 HTTP/1.1" 200 66
::1 - - [14/Sep/2022:19:27:36 +0530] "GET /search_1.php?keyword=2 HTTP/1.1" 200 66
::1 - - [14/Sep/2022:19:28:34 +0530] "-" 408 -
::1 - - [14/Sep/2022:19:28:44 +0530] "GET /search_1.php?keyword=2 HTTP/1.1" 200 116
::1 - - [14/Sep/2022:19:28:54 +0530] "GET / HTTP/1.1" 200 263
::1 - - [14/Sep/2022:19:28:56 +0530] "GET /search_1.php?keyword=1 HTTP/1.1" 200 116
::1 - - [14/Sep/2022:19:29:14 +0530] "GET / HTTP/1.1" 200 263
::1 - - [14/Sep/2022:19:29:19 +0530] "GET /search_1.php?keyword=3 HTTP/1.1" 200 116
::1 - - [14/Sep/2022:19:30:05 +0530] "GET / HTTP/1.1" 200 263
::1 - - [14/Sep/2022:19:30:07 +0530] "GET /search_1.php?keyword=1 HTTP/1.1" 200 116
::1 - - [14/Sep/2022:19:30:35 +0530] "GET / HTTP/1.1" 200 263
::1 - - [14/Sep/2022:19:30:38 +0530] "GET /search_1.php?keyword=1 HTTP/1.1" 200 116
::1 - - [14/Sep/2022:19:30:42 +0530] "GET /search_1.php?keyword=3 HTTP/1.1" 200 116
::1 - - [14/Sep/2022:19:31:35 +0530] "-" 408 -
::1 - - [14/Sep/2022:19:32:59 +0530] "GET / HTTP/1.1" 200 263
::1 - - [14/Sep/2022:19:33:02 +0530] "GET /search_1.php?keyword=uu HTTP/1.1" 200 116
::1 - - [14/Sep/2022:19:33:59 +0530] "-" 408 -
::1 - - [14/Sep/2022:19:34:00 +0530] "GET / HTTP/1.1" 200 263
::1 - - [14/Sep/2022:19:34:02 +0530] "GET /search_1.php?keyword=1 HTTP/1.1" 200 116
::1 - - [14/Sep/2022:19:34:55 +0530] "GET / HTTP/1.1" 200 263
::1 - - [14/Sep/2022:19:34:57 +0530] "GET /search_1.php?keyword=1 HTTP/1.1" 200 116
::1 - - [14/Sep/2022:19:35:15 +0530] "GET / HTTP/1.1" 200 263
::1 - - [14/Sep/2022:19:35:18 +0530] "GET /search_1.php?keyword=1 HTTP/1.1" 200 116
::1 - - [14/Sep/2022:19:35:22 +0530] "GET /search_1.php?keyword=2 HTTP/1.1" 200 116
::1 - - [14/Sep/2022:19:35:26 +0530] "GET /search_1.php?keyword=2 HTTP/1.1" 200 116
::1 - - [14/Sep/2022:19:36:15 +0530] "-" 408 -
::1 - - [14/Sep/2022:19:37:13 +0530] "GET /search_1.php?keyword=2 HTTP/1.1" 200 116
::1 - - [14/Sep/2022:19:38:13 +0530] "-" 408 -
::1 - - [14/Sep/2022:19:38:45 +0530] "GET / HTTP/1.1" 200 263
::1 - - [14/Sep/2022:19:38:47 +0530] "GET /search_1.php?keyword=1 HTTP/1.1" 200 66
::1 - - [14/Sep/2022:19:38:53 +0530] "GET / HTTP/1.1" 200 263
::1 - - [14/Sep/2022:19:38:56 +0530] "GET /search_1.php?keyword=2 HTTP/1.1" 200 68
::1 - - [14/Sep/2022:19:38:59 +0530] "GET / HTTP/1.1" 200 263
::1 - - [14/Sep/2022:19:39:00 +0530] "GET /search_1.php?keyword=3 HTTP/1.1" 200 27
::1 - - [14/Sep/2022:19:39:52 +0530] "GET / HTTP/1.1" 200 270
::1 - - [14/Sep/2022:19:40:52 +0530] "-" 408 -
::1 - - [14/Sep/2022:19:57:20 +0530] "GET / HTTP/1.1" 200 896
::1 - - [14/Sep/2022:19:58:20 +0530] "-" 408 -
::1 - - [14/Sep/2022:20:06:07 +0530] "GET / HTTP/1.1" 200 905
::1 - - [14/Sep/2022:20:06:57 +0530] "GET / HTTP/1.1" 200 959
::1 - - [14/Sep/2022:20:07:20 +0530] "GET / HTTP/1.1" 200 963
::1 - - [14/Sep/2022:20:07:36 +0530] "GET / HTTP/1.1" 200 336
::1 - - [14/Sep/2022:20:07:38 +0530] "GET /search_1.php?keyword=1 HTTP/1.1" 200 66
::1 - - [14/Sep/2022:20:08:36 +0530] "-" 408 -
::1 - - [14/Sep/2022:20:09:51 +0530] "GET / HTTP/1.1" 200 733
::1 - - [14/Sep/2022:20:09:55 +0530] "GET / HTTP/1.1" 200 733
::1 - - [14/Sep/2022:20:09:56 +0530] "GET / HTTP/1.1" 200 733
::1 - - [14/Sep/2022:20:09:57 +0530] "GET / HTTP/1.1" 200 733
::1 - - [14/Sep/2022:20:10:51 +0530] "-" 408 -
::1 - - [14/Sep/2022:20:16:57 +0530] "GET / HTTP/1.1" 200 733
::1 - - [14/Sep/2022:20:16:59 +0530] "GET / HTTP/1.1" 200 733
::1 - - [14/Sep/2022:20:16:59 +0530] "GET / HTTP/1.1" 200 733
::1 - - [14/Sep/2022:20:16:59 +0530] "GET / HTTP/1.1" 200 733
::1 - - [14/Sep/2022:20:17:00 +0530] "GET / HTTP/1.1" 200 733
::1 - - [14/Sep/2022:20:17:00 +0530] "GET / HTTP/1.1" 200 733
::1 - - [14/Sep/2022:20:17:00 +0530] "GET / HTTP/1.1" 200 733
::1 - - [14/Sep/2022:20:17:00 +0530] "GET / HTTP/1.1" 200 733
::1 - - [14/Sep/2022:20:17:00 +0530] "GET / HTTP/1.1" 200 733
::1 - - [14/Sep/2022:20:17:57 +0530] "-" 408 -
::1 - - [14/Sep/2022:20:18:03 +0530] "GET / HTTP/1.1" 200 1131
::1 - - [14/Sep/2022:20:18:04 +0530] "GET / HTTP/1.1" 200 1131
::1 - - [14/Sep/2022:20:18:05 +0530] "GET / HTTP/1.1" 200 1131
::1 - - [14/Sep/2022:20:18:05 +0530] "GET / HTTP/1.1" 200 1131
::1 - - [14/Sep/2022:20:18:05 +0530] "GET / HTTP/1.1" 200 1131
::1 - - [14/Sep/2022:20:18:05 +0530] "GET / HTTP/1.1" 200 1131
::1 - - [14/Sep/2022:20:18:05 +0530] "GET / HTTP/1.1" 200 1131
::1 - - [14/Sep/2022:20:18:06 +0530] "GET / HTTP/1.1" 200 1131
::1 - - [14/Sep/2022:20:18:06 +0530] "GET / HTTP/1.1" 200 1131
::1 - - [14/Sep/2022:20:18:06 +0530] "GET / HTTP/1.1" 200 1131
::1 - - [14/Sep/2022:20:18:06 +0530] "GET / HTTP/1.1" 200 1131
::1 - - [14/Sep/2022:20:18:27 +0530] "GET / HTTP/1.1" 200 339
::1 - - [14/Sep/2022:20:19:27 +0530] "-" 408 -
::1 - - [14/Sep/2022:20:22:19 +0530] "GET / HTTP/1.1" 200 339
::1 - - [14/Sep/2022:20:22:22 +0530] "GET /search_1.php?keyword=1 HTTP/1.1" 200 66
::1 - - [14/Sep/2022:20:23:11 +0530] "GET /phpmyadmin/ HTTP/1.1" 200 4870
::1 - - [14/Sep/2022:20:23:11 +0530] "GET /phpmyadmin/js/messages.php?l=en&v=5.1.3 HTTP/1.1" 200 7921
::1 - - [14/Sep/2022:20:23:16 +0530] "POST /phpmyadmin/index.php?route=/ HTTP/1.1" 302 20
::1 - - [14/Sep/2022:20:23:16 +0530] "GET /phpmyadmin/index.php?route=/&route=%2F HTTP/1.1" 200 14727
::1 - - [14/Sep/2022:20:23:16 +0530] "GET /phpmyadmin/themes/pmahomme/css/theme.css?v=5.1.3&nocache=1846102403ltr&server=1 HTTP/1.1" 200 216144
::1 - - [14/Sep/2022:20:23:17 +0530] "POST /phpmyadmin/index.php?route=/config/get HTTP/1.1" 200 1521
::1 - - [14/Sep/2022:20:23:17 +0530] "POST /phpmyadmin/index.php?route=/navigation&ajax_request=1 HTTP/1.1" 200 2039
::1 - - [14/Sep/2022:20:23:17 +0530] "POST /phpmyadmin/index.php?route=/config/get HTTP/1.1" 200 1610
::1 - - [14/Sep/2022:20:23:17 +0530] "POST /phpmyadmin/index.php?route=/version-check HTTP/1.1" 200 48
::1 - - [14/Sep/2022:20:23:17 +0530] "POST /phpmyadmin/index.php?route=/navigation&ajax_request=1 HTTP/1.1" 200 1872
::1 - - [14/Sep/2022:20:23:17 +0530] "POST /phpmyadmin/index.php?route=/config/set HTTP/1.1" 200 1512
::1 - - [14/Sep/2022:20:23:24 +0530] "GET /phpmyadmin/index.php?route=/sql&server=1&db=test&table=results&pos=0&ajax_request=true&ajax_page_request=true&_nocache=1663167204149524442&token=394732794e473f47765a40322e7d6b3b HTTP/1.1" 200 6593
::1 - - [14/Sep/2022:20:23:24 +0530] "GET /phpmyadmin/index.php?route=/recent-table&ajax_request=1&recent_table=1&no_debug=true&_nocache=166316720431955327&token=394732794e473f47765a40322e7d6b3b HTTP/1.1" 200 1569
::1 - - [14/Sep/2022:20:23:33 +0530] "GET /phpmyadmin/index.php?route=/database/structure&server=1&db=test&ajax_request=true&ajax_page_request=true&_nocache=1663167213619342304&token=394732794e473f47765a40322e7d6b3b HTTP/1.1" 200 4984
::1 - - [14/Sep/2022:20:23:41 +0530] "GET /phpmyadmin/index.php?route=/database/structure&db=test&ajax_request=true&ajax_page_request=true&_nocache=1663167221189625453&token=394732794e473f47765a40322e7d6b3b HTTP/1.1" 200 4984
::1 - - [14/Sep/2022:20:23:42 +0530] "GET /phpmyadmin/index.php?route=/database/structure&db=test&ajax_request=true&ajax_page_request=true&_nocache=1663167222723270655&token=394732794e473f47765a40322e7d6b3b HTTP/1.1" 200 4984
::1 - - [14/Sep/2022:20:23:50 +0530] "GET /phpmyadmin/index.php?route=/table/structure&db=test&table=results&ajax_request=true&ajax_page_request=true&_nocache=1663167230604720527&token=394732794e473f47765a40322e7d6b3b HTTP/1.1" 200 6999
::1 - - [14/Sep/2022:20:23:50 +0530] "GET /phpmyadmin/index.php?route=/recent-table&ajax_request=1&recent_table=1&no_debug=true&_nocache=1663167230749965664&token=394732794e473f47765a40322e7d6b3b HTTP/1.1" 200 1569
::1 - - [14/Sep/2022:20:24:10 +0530] "POST /phpmyadmin/index.php?route=/table/structure/change HTTP/1.1" 200 8170
::1 - - [14/Sep/2022:20:24:10 +0530] "GET /phpmyadmin/index.php?route=/recent-table&ajax_request=1&recent_table=1&no_debug=true&_nocache=1663167250991781990&token=394732794e473f47765a40322e7d6b3b HTTP/1.1" 200 1569
::1 - - [14/Sep/2022:20:24:48 +0530] "GET /phpmyadmin/index.php?route=/database/structure&server=1&db=test&ajax_request=true&ajax_page_request=true&_nocache=1663167288366443301&token=394732794e473f47765a40322e7d6b3b HTTP/1.1" 200 4984
::1 - - [14/Sep/2022:20:24:50 +0530] "GET /phpmyadmin/index.php?route=/table/structure&db=test&table=results&ajax_request=true&ajax_page_request=true&_nocache=1663167290887405394&token=394732794e473f47765a40322e7d6b3b HTTP/1.1" 200 7001
::1 - - [14/Sep/2022:20:24:51 +0530] "GET /phpmyadmin/index.php?route=/recent-table&ajax_request=1&recent_table=1&no_debug=true&_nocache=1663167291045610594&token=394732794e473f47765a40322e7d6b3b HTTP/1.1" 200 1569
::1 - - [14/Sep/2022:20:25:45 +0530] "POST /phpmyadmin/index.php?route=/table/structure/fulltext HTTP/1.1" 200 67
::1 - - [14/Sep/2022:20:25:54 +0530] "POST /phpmyadmin/index.php?route=/sql HTTP/1.1" 200 5953
::1 - - [14/Sep/2022:20:25:55 +0530] "GET /phpmyadmin/index.php?route=/recent-table&ajax_request=1&recent_table=1&no_debug=true&_nocache=1663167355078876812&token=394732794e473f47765a40322e7d6b3b HTTP/1.1" 200 1569
::1 - - [14/Sep/2022:20:26:08 +0530] "GET /phpmyadmin/index.php?route=/sql/get-default-fk-check-value&ajax_request=true&server=1&_nocache=1663167368708206239&token=394732794e473f47765a40322e7d6b3b HTTP/1.1" 200 1542
::1 - - [14/Sep/2022:20:26:08 +0530] "POST /phpmyadmin/index.php?route=/lint HTTP/1.1" 200 28
::1 - - [14/Sep/2022:20:26:11 +0530] "POST /phpmyadmin/index.php HTTP/1.1" 200 5013
::1 - - [14/Sep/2022:20:26:11 +0530] "GET /phpmyadmin/index.php?route=/recent-table&ajax_request=1&recent_table=1&no_debug=true&_nocache=1663167371444932058&token=394732794e473f47765a40322e7d6b3b HTTP/1.1" 200 1569
::1 - - [14/Sep/2022:20:26:11 +0530] "POST /phpmyadmin/index.php?route=/lint HTTP/1.1" 200 28
::1 - - [14/Sep/2022:20:26:13 +0530] "GET /phpmyadmin/index.php?route=/table/structure&db=test&table=results&ajax_request=true&ajax_page_request=true&_nocache=1663167373812755435&token=394732794e473f47765a40322e7d6b3b HTTP/1.1" 200 7001
::1 - - [14/Sep/2022:20:26:13 +0530] "GET /phpmyadmin/index.php?route=/recent-table&ajax_request=1&recent_table=1&no_debug=true&_nocache=16631673739783388&token=394732794e473f47765a40322e7d6b3b HTTP/1.1" 200 1569
::1 - - [14/Sep/2022:20:26:15 +0530] "GET /phpmyadmin/index.php?route=/sql&db=test&table=results&pos=0&ajax_request=true&ajax_page_request=true&_nocache=1663167375322394069&token=394732794e473f47765a40322e7d6b3b HTTP/1.1" 200 6593
::1 - - [14/Sep/2022:20:26:15 +0530] "GET /phpmyadmin/index.php?route=/recent-table&ajax_request=1&recent_table=1&no_debug=true&_nocache=1663167375492735877&token=394732794e473f47765a40322e7d6b3b HTTP/1.1" 200 1569
::1 - - [14/Sep/2022:20:26:17 +0530] "GET /phpmyadmin/index.php?route=/table/structure&db=test&table=results&ajax_request=true&ajax_page_request=true&_nocache=1663167377797948447&token=394732794e473f47765a40322e7d6b3b HTTP/1.1" 200 7001
::1 - - [14/Sep/2022:20:26:17 +0530] "GET /phpmyadmin/index.php?route=/recent-table&ajax_request=1&recent_table=1&no_debug=true&_nocache=166316737797121390&token=394732794e473f47765a40322e7d6b3b HTTP/1.1" 200 1569
::1 - - [14/Sep/2022:20:26:25 +0530] "POST /phpmyadmin/index.php?route=/table/structure/primary HTTP/1.1" 200 67
::1 - - [14/Sep/2022:20:26:31 +0530] "POST /phpmyadmin/index.php?route=/table/structure/primary HTTP/1.1" 200 7586
::1 - - [14/Sep/2022:20:26:31 +0530] "GET /phpmyadmin/themes/pmahomme/img/b_rename.svg HTTP/1.1" 200 881
::1 - - [14/Sep/2022:20:26:31 +0530] "GET /phpmyadmin/index.php?route=/recent-table&ajax_request=1&recent_table=1&no_debug=true&_nocache=1663167391931215014&token=394732794e473f47765a40322e7d6b3b HTTP/1.1" 200 1569
::1 - - [14/Sep/2022:20:26:43 +0530] "POST /phpmyadmin/index.php HTTP/1.1" 200 2063
::1 - - [14/Sep/2022:20:26:43 +0530] "POST /phpmyadmin/index.php HTTP/1.1" 200 420
::1 - - [14/Sep/2022:20:26:43 +0530] "POST /phpmyadmin/index.php?route=/navigation&ajax_request=1 HTTP/1.1" 200 2275
::1 - - [14/Sep/2022:20:26:43 +0530] "GET /phpmyadmin/index.php?route=/table/structure&server=1&db=test&table=results&ajax_request=true&ajax_page_request=true&_nocache=1663167403405131167&token=394732794e473f47765a40322e7d6b3b HTTP/1.1" 200 7000
::1 - - [14/Sep/2022:20:26:43 +0530] "GET /phpmyadmin/index.php?route=/recent-table&ajax_request=1&recent_table=1&no_debug=true&_nocache=1663167403666493009&token=394732794e473f47765a40322e7d6b3b HTTP/1.1" 200 1569
::1 - - [14/Sep/2022:20:26:48 +0530] "GET /phpmyadmin/index.php?route=/table/operations&db=test&table=results&ajax_request=true&ajax_page_request=true&_nocache=1663167408235554822&token=394732794e473f47765a40322e7d6b3b HTTP/1.1" 200 7926
::1 - - [14/Sep/2022:20:26:48 +0530] "GET /phpmyadmin/index.php?route=/recent-table&ajax_request=1&recent_table=1&no_debug=true&_nocache=1663167408382632280&token=394732794e473f47765a40322e7d6b3b HTTP/1.1" 200 1569
::1 - - [14/Sep/2022:20:26:50 +0530] "GET /phpmyadmin/index.php?route=/server/privileges&db=test&table=results&checkprivsdb=test&checkprivstable=results&viewing_mode=table&ajax_request=true&ajax_page_request=true&_nocache=1663167410218514329&token=394732794e473f47765a40322e7d6b3b HTTP/1.1" 200 3132
::1 - - [14/Sep/2022:20:26:50 +0530] "GET /phpmyadmin/index.php?route=/recent-table&ajax_request=1&recent_table=1&no_debug=true&_nocache=1663167410339770760&token=394732794e473f47765a40322e7d6b3b HTTP/1.1" 200 1569
::1 - - [14/Sep/2022:20:26:51 +0530] "GET /phpmyadmin/index.php?route=/table/import&db=test&table=results&ajax_request=true&ajax_page_request=true&_nocache=1663167411892632933&token=394732794e473f47765a40322e7d6b3b HTTP/1.1" 200 7130
::1 - - [14/Sep/2022:20:26:52 +0530] "GET /phpmyadmin/js/dist/import.js?v=5.1.3 HTTP/1.1" 200 6161
::1 - - [14/Sep/2022:20:26:52 +0530] "GET /phpmyadmin/index.php?route=/recent-table&ajax_request=1&recent_table=1&no_debug=true&_nocache=1663167412411232076&token=394732794e473f47765a40322e7d6b3b HTTP/1.1" 200 1569
::1 - - [14/Sep/2022:20:26:53 +0530] "GET /phpmyadmin/index.php?route=/table/export&db=test&table=results&single_table=true&ajax_request=true&ajax_page_request=true&_nocache=1663167413987629974&token=394732794e473f47765a40322e7d6b3b HTTP/1.1" 200 12738
::1 - - [14/Sep/2022:20:26:55 +0530] "GET /phpmyadmin/js/dist/export.js?v=5.1.3 HTTP/1.1" 200 33264
::1 - - [14/Sep/2022:20:26:55 +0530] "GET /phpmyadmin/index.php?route=/recent-table&ajax_request=1&recent_table=1&no_debug=true&_nocache=1663167415042861954&token=394732794e473f47765a40322e7d6b3b HTTP/1.1" 200 1569
::1 - - [14/Sep/2022:20:26:56 +0530] "GET /phpmyadmin/index.php?route=/table/change&db=test&table=results&ajax_request=true&ajax_page_request=true&_nocache=1663167416483803106&token=394732794e473f47765a40322e7d6b3b HTTP/1.1" 200 6373
::1 - - [14/Sep/2022:20:26:56 +0530] "GET /phpmyadmin/index.php?route=/recent-table&ajax_request=1&recent_table=1&no_debug=true&_nocache=1663167416669964901&token=394732794e473f47765a40322e7d6b3b HTTP/1.1" 200 1569
::1 - - [14/Sep/2022:20:26:58 +0530] "GET /phpmyadmin/index.php?route=/table/search&db=test&table=results&ajax_request=true&ajax_page_request=true&_nocache=1663167418499431080&token=394732794e473f47765a40322e7d6b3b HTTP/1.1" 200 3585
::1 - - [14/Sep/2022:20:26:58 +0530] "GET /phpmyadmin/themes/pmahomme/img/b_find_replace.png HTTP/1.1" 200 669
::1 - - [14/Sep/2022:20:26:58 +0530] "GET /phpmyadmin/js/dist/table/select.js?v=5.1.3 HTTP/1.1" 200 12478
::1 - - [14/Sep/2022:20:26:58 +0530] "GET /phpmyadmin/index.php?route=/recent-table&ajax_request=1&recent_table=1&no_debug=true&_nocache=166316741870828021&token=394732794e473f47765a40322e7d6b3b HTTP/1.1" 200 1569
::1 - - [14/Sep/2022:20:27:10 +0530] "GET /phpmyadmin/index.php?route=/table/sql&db=test&table=results&ajax_request=true&ajax_page_request=true&_nocache=166316743042165726&token=394732794e473f47765a40322e7d6b3b HTTP/1.1" 200 4997
::1 - - [14/Sep/2022:20:27:10 +0530] "GET /phpmyadmin/index.php?route=/recent-table&ajax_request=1&recent_table=1&no_debug=true&_nocache=1663167430563498913&token=394732794e473f47765a40322e7d6b3b HTTP/1.1" 200 1569
::1 - - [14/Sep/2022:20:27:10 +0530] "POST /phpmyadmin/index.php?route=/lint HTTP/1.1" 200 28
::1 - - [14/Sep/2022:20:27:12 +0530] "GET /phpmyadmin/index.php?route=/table/structure&db=test&table=results&ajax_request=true&ajax_page_request=true&_nocache=1663167432827217317&token=394732794e473f47765a40322e7d6b3b HTTP/1.1" 200 7002
::1 - - [14/Sep/2022:20:27:12 +0530] "GET /phpmyadmin/index.php?route=/recent-table&ajax_request=1&recent_table=1&no_debug=true&_nocache=1663167432977553671&token=394732794e473f47765a40322e7d6b3b HTTP/1.1" 200 1569
::1 - - [14/Sep/2022:20:27:14 +0530] "GET /phpmyadmin/index.php?route=/table/create&server=1&db=test&ajax_request=true&ajax_page_request=true&_nocache=1663167434750136107&token=394732794e473f47765a40322e7d6b3b HTTP/1.1" 200 27176
::1 - - [14/Sep/2022:20:27:50 +0530] "GET /phpmyadmin/index.php?route=/sql&server=1&db=test&table=results&pos=0&ajax_request=true&ajax_page_request=true&_nocache=1663167470814690279&token=394732794e473f47765a40322e7d6b3b HTTP/1.1" 200 6593
::1 - - [14/Sep/2022:20:27:50 +0530] "GET /phpmyadmin/index.php?route=/recent-table&ajax_request=1&recent_table=1&no_debug=true&_nocache=1663167470975884060&token=394732794e473f47765a40322e7d6b3b HTTP/1.1" 200 1569
::1 - - [14/Sep/2022:20:27:59 +0530] "GET /phpmyadmin/index.php?route=/table/structure&db=test&table=results&ajax_request=true&ajax_page_request=true&_nocache=166316747954592076&token=394732794e473f47765a40322e7d6b3b HTTP/1.1" 200 7002
::1 - - [14/Sep/2022:20:27:59 +0530] "GET /phpmyadmin/index.php?route=/recent-table&ajax_request=1&recent_table=1&no_debug=true&_nocache=1663167479680569441&token=394732794e473f47765a40322e7d6b3b HTTP/1.1" 200 1569
::1 - - [14/Sep/2022:20:28:22 +0530] "POST /phpmyadmin/index.php?route=/table/add-field HTTP/1.1" 200 8217
::1 - - [14/Sep/2022:20:28:22 +0530] "GET /phpmyadmin/index.php?route=/recent-table&ajax_request=1&recent_table=1&no_debug=true&_nocache=1663167502796298270&token=394732794e473f47765a40322e7d6b3b HTTP/1.1" 200 1569
::1 - - [14/Sep/2022:20:28:31 +0530] "GET /phpmyadmin/index.php?route=%2Fsql&db=test&table=results&server=1&ajax_request=true&ajax_page_request=true&_nocache=1663167511536890803&token=394732794e473f47765a40322e7d6b3b HTTP/1.1" 200 6592
::1 - - [14/Sep/2022:20:28:31 +0530] "GET /phpmyadmin/index.php?route=/recent-table&ajax_request=1&recent_table=1&no_debug=true&_nocache=1663167511701566325&token=394732794e473f47765a40322e7d6b3b HTTP/1.1" 200 1569
::1 - - [14/Sep/2022:20:28:33 +0530] "GET /phpmyadmin/index.php?route=/database/structure&server=1&db=test&ajax_request=true&ajax_page_request=true&_nocache=1663167513005936179&token=394732794e473f47765a40322e7d6b3b HTTP/1.1" 200 4984
::1 - - [14/Sep/2022:20:28:37 +0530] "GET /phpmyadmin/index.php?route=/sql&db=test&table=results&pos=0&ajax_request=true&ajax_page_request=true&_nocache=166316751762377410&token=394732794e473f47765a40322e7d6b3b HTTP/1.1" 200 6592
::1 - - [14/Sep/2022:20:28:37 +0530] "GET /phpmyadmin/index.php?route=/recent-table&ajax_request=1&recent_table=1&no_debug=true&_nocache=1663167517779781127&token=394732794e473f47765a40322e7d6b3b HTTP/1.1" 200 1569
::1 - - [14/Sep/2022:20:29:08 +0530] "GET /phpmyadmin/index.php?route=/table/structure&db=test&table=results&ajax_request=true&ajax_page_request=true&_nocache=1663167548629859296&token=394732794e473f47765a40322e7d6b3b HTTP/1.1" 200 7002
::1 - - [14/Sep/2022:20:29:08 +0530] "GET /phpmyadmin/index.php?route=/recent-table&ajax_request=1&recent_table=1&no_debug=true&_nocache=1663167548792719612&token=394732794e473f47765a40322e7d6b3b HTTP/1.1" 200 1569
::1 - - [14/Sep/2022:20:29:15 +0530] "GET /phpmyadmin/index.php?route=/table/sql&db=test&table=results&ajax_request=true&ajax_page_request=true&_nocache=1663167555797987911&token=394732794e473f47765a40322e7d6b3b HTTP/1.1" 200 4997
::1 - - [14/Sep/2022:20:29:15 +0530] "GET /phpmyadmin/index.php?route=/recent-table&ajax_request=1&recent_table=1&no_debug=true&_nocache=1663167555923495163&token=394732794e473f47765a40322e7d6b3b HTTP/1.1" 200 1569
::1 - - [14/Sep/2022:20:29:15 +0530] "POST /phpmyadmin/index.php?route=/lint HTTP/1.1" 200 28
::1 - - [14/Sep/2022:20:29:16 +0530] "GET /phpmyadmin/index.php?route=/table/search&db=test&table=results&ajax_request=true&ajax_page_request=true&_nocache=1663167556773190572&token=394732794e473f47765a40322e7d6b3b HTTP/1.1" 200 3585
::1 - - [14/Sep/2022:20:29:16 +0530] "GET /phpmyadmin/index.php?route=/recent-table&ajax_request=1&recent_table=1&no_debug=true&_nocache=1663167556885585439&token=394732794e473f47765a40322e7d6b3b HTTP/1.1" 200 1569
::1 - - [14/Sep/2022:20:29:17 +0530] "GET /phpmyadmin/index.php?route=/server/databases&server=1&ajax_request=true&ajax_page_request=true&_nocache=1663167557468840120&token=394732794e473f47765a40322e7d6b3b HTTP/1.1" 200 6238
::1 - - [14/Sep/2022:20:29:25 +0530] "GET /phpmyadmin/index.php?route=/sql&server=1&db=test&table=results&pos=0&ajax_request=true&ajax_page_request=true&_nocache=1663167565987410082&token=394732794e473f47765a40322e7d6b3b HTTP/1.1" 200 6591
::1 - - [14/Sep/2022:20:29:26 +0530] "GET /phpmyadmin/index.php?route=/recent-table&ajax_request=1&recent_table=1&no_debug=true&_nocache=1663167566158823575&token=394732794e473f47765a40322e7d6b3b HTTP/1.1" 200 1569
::1 - - [14/Sep/2022:20:29:27 +0530] "GET /phpmyadmin/index.php?route=/table/structure&db=test&table=results&ajax_request=true&ajax_page_request=true&_nocache=1663167567734928328&token=394732794e473f47765a40322e7d6b3b HTTP/1.1" 200 7002
::1 - - [14/Sep/2022:20:29:27 +0530] "GET /phpmyadmin/index.php?route=/recent-table&ajax_request=1&recent_table=1&no_debug=true&_nocache=1663167567892331806&token=394732794e473f47765a40322e7d6b3b HTTP/1.1" 200 1569
::1 - - [14/Sep/2022:20:29:30 +0530] "GET /phpmyadmin/index.php?route=/table/structure&db=test&table=results&ajax_request=true&ajax_page_request=true&_nocache=1663167570060409976&token=394732794e473f47765a40322e7d6b3b HTTP/1.1" 200 7002
::1 - - [14/Sep/2022:20:29:30 +0530] "GET /phpmyadmin/index.php?route=/recent-table&ajax_request=1&recent_table=1&no_debug=true&_nocache=1663167570187502694&token=394732794e473f47765a40322e7d6b3b HTTP/1.1" 200 1569
::1 - - [14/Sep/2022:20:29:30 +0530] "GET /phpmyadmin/index.php?route=/table/structure&db=test&table=results&ajax_request=true&ajax_page_request=true&_nocache=1663167570722397683&token=394732794e473f47765a40322e7d6b3b HTTP/1.1" 200 7002
::1 - - [14/Sep/2022:20:29:30 +0530] "GET /phpmyadmin/index.php?route=/recent-table&ajax_request=1&recent_table=1&no_debug=true&_nocache=1663167570871964365&token=394732794e473f47765a40322e7d6b3b HTTP/1.1" 200 1569
::1 - - [14/Sep/2022:20:29:31 +0530] "GET /phpmyadmin/index.php?route=/table/relation&db=test&table=results&ajax_request=true&ajax_page_request=true&_nocache=1663167571394804450&token=394732794e473f47765a40322e7d6b3b HTTP/1.1" 200 2795
::1 - - [14/Sep/2022:20:29:31 +0530] "GET /phpmyadmin/index.php?route=/recent-table&ajax_request=1&recent_table=1&no_debug=true&_nocache=1663167571518882396&token=394732794e473f47765a40322e7d6b3b HTTP/1.1" 200 1569
::1 - - [14/Sep/2022:20:29:32 +0530] "GET /phpmyadmin/index.php?route=/table/structure&db=test&table=results&ajax_request=true&ajax_page_request=true&_nocache=166316757277011885&token=394732794e473f47765a40322e7d6b3b HTTP/1.1" 200 7002
::1 - - [14/Sep/2022:20:29:32 +0530] "GET /phpmyadmin/index.php?route=/recent-table&ajax_request=1&recent_table=1&no_debug=true&_nocache=166316757292559508&token=394732794e473f47765a40322e7d6b3b HTTP/1.1" 200 1569
::1 - - [14/Sep/2022:20:29:36 +0530] "POST /phpmyadmin/index.php?route=/table/structure/partitioning HTTP/1.1" 200 3670
::1 - - [14/Sep/2022:20:29:36 +0530] "GET /phpmyadmin/index.php?route=/recent-table&ajax_request=1&recent_table=1&no_debug=true&_nocache=166316757652283019&token=394732794e473f47765a40322e7d6b3b HTTP/1.1" 200 1569
::1 - - [14/Sep/2022:20:29:40 +0530] "GET /phpmyadmin/index.php?route=/table/structure&db=test&table=results&ajax_request=true&ajax_page_request=true&_nocache=1663167580653561846&token=394732794e473f47765a40322e7d6b3b HTTP/1.1" 200 7002
::1 - - [14/Sep/2022:20:29:40 +0530] "GET /phpmyadmin/index.php?route=/recent-table&ajax_request=1&recent_table=1&no_debug=true&_nocache=1663167580787462565&token=394732794e473f47765a40322e7d6b3b HTTP/1.1" 200 1569
::1 - - [14/Sep/2022:20:29:42 +0530] "GET /phpmyadmin/index.php?route=/table/sql&db=test&table=results&ajax_request=true&ajax_page_request=true&_nocache=1663167582988963538&token=394732794e473f47765a40322e7d6b3b HTTP/1.1" 200 4997
::1 - - [14/Sep/2022:20:29:43 +0530] "GET /phpmyadmin/index.php?route=/recent-table&ajax_request=1&recent_table=1&no_debug=true&_nocache=1663167583097901875&token=394732794e473f47765a40322e7d6b3b HTTP/1.1" 200 1569
::1 - - [14/Sep/2022:20:29:43 +0530] "POST /phpmyadmin/index.php?route=/lint HTTP/1.1" 200 28
::1 - - [14/Sep/2022:20:29:43 +0530] "GET /phpmyadmin/index.php?route=/table/search&db=test&table=results&ajax_request=true&ajax_page_request=true&_nocache=1663167583795820458&token=394732794e473f47765a40322e7d6b3b HTTP/1.1" 200 3585
::1 - - [14/Sep/2022:20:29:43 +0530] "GET /phpmyadmin/index.php?route=/recent-table&ajax_request=1&recent_table=1&no_debug=true&_nocache=1663167583933258054&token=394732794e473f47765a40322e7d6b3b HTTP/1.1" 200 1569
::1 - - [14/Sep/2022:20:29:48 +0530] "GET /phpmyadmin/index.php?route=/table/change&db=test&table=results&ajax_request=true&ajax_page_request=true&_nocache=1663167588016658149&token=394732794e473f47765a40322e7d6b3b HTTP/1.1" 200 6373
::1 - - [14/Sep/2022:20:29:48 +0530] "GET /phpmyadmin/index.php?route=/recent-table&ajax_request=1&recent_table=1&no_debug=true&_nocache=166316758815443014&token=394732794e473f47765a40322e7d6b3b HTTP/1.1" 200 1569
::1 - - [14/Sep/2022:20:29:54 +0530] "GET /phpmyadmin/index.php?route=/table/structure&db=test&table=results&ajax_request=true&ajax_page_request=true&_nocache=1663167594071427327&token=394732794e473f47765a40322e7d6b3b HTTP/1.1" 200 7002
::1 - - [14/Sep/2022:20:29:54 +0530] "GET /phpmyadmin/index.php?route=/recent-table&ajax_request=1&recent_table=1&no_debug=true&_nocache=1663167594211231541&token=394732794e473f47765a40322e7d6b3b HTTP/1.1" 200 1569
::1 - - [14/Sep/2022:20:29:57 +0530] "POST /phpmyadmin/index.php?route=/table/structure/change HTTP/1.1" 200 8170
::1 - - [14/Sep/2022:20:29:57 +0530] "GET /phpmyadmin/index.php?route=/recent-table&ajax_request=1&recent_table=1&no_debug=true&_nocache=1663167597927379646&token=394732794e473f47765a40322e7d6b3b HTTP/1.1" 200 1569
::1 - - [14/Sep/2022:20:30:31 +0530] "POST /phpmyadmin/index.php?route=/table/structure/save HTTP/1.1" 200 13605
::1 - - [14/Sep/2022:20:30:31 +0530] "GET /phpmyadmin/themes/pmahomme/css/theme.css?v=5.1.3&nocache=1417560286ltr&server=1 HTTP/1.1" 200 216144
::1 - - [14/Sep/2022:20:30:31 +0530] "POST /phpmyadmin/index.php?route=/navigation&ajax_request=1 HTTP/1.1" 200 2275
::1 - - [14/Sep/2022:20:30:31 +0530] "POST /phpmyadmin/index.php?route=/config/get HTTP/1.1" 200 1524
::1 - - [14/Sep/2022:20:30:31 +0530] "POST /phpmyadmin/index.php?route=/config/get HTTP/1.1" 200 1613
::1 - - [14/Sep/2022:20:30:31 +0530] "GET /phpmyadmin/index.php?route=/recent-table&ajax_request=1&recent_table=1&no_debug=true&_nocache=1663167631508195201&token=394732794e473f47765a40322e7d6b3b HTTP/1.1" 200 1569
::1 - - [14/Sep/2022:20:30:31 +0530] "POST /phpmyadmin/index.php?route=/config/set HTTP/1.1" 200 1514
::1 - - [14/Sep/2022:20:30:40 +0530] "POST /phpmyadmin/index.php?route=/table/structure/change HTTP/1.1" 200 8206
::1 - - [14/Sep/2022:20:30:40 +0530] "GET /phpmyadmin/index.php?route=/recent-table&ajax_request=1&recent_table=1&no_debug=true&_nocache=166316764024172764&token=394732794e473f47765a40322e7d6b3b HTTP/1.1" 200 1569
::1 - - [14/Sep/2022:20:30:49 +0530] "POST /phpmyadmin/index.php?route=/table/structure/save HTTP/1.1" 200 13652
::1 - - [14/Sep/2022:20:30:49 +0530] "GET /phpmyadmin/themes/pmahomme/css/theme.css?v=5.1.3&nocache=-1858968032ltr&server=1 HTTP/1.1" 200 216144
::1 - - [14/Sep/2022:20:30:49 +0530] "POST /phpmyadmin/index.php?route=/navigation&ajax_request=1 HTTP/1.1" 200 2275
::1 - - [14/Sep/2022:20:30:49 +0530] "POST /phpmyadmin/index.php?route=/config/get HTTP/1.1" 200 1524
::1 - - [14/Sep/2022:20:30:49 +0530] "POST /phpmyadmin/index.php?route=/config/get HTTP/1.1" 200 1613
::1 - - [14/Sep/2022:20:30:49 +0530] "GET /phpmyadmin/index.php?route=/recent-table&ajax_request=1&recent_table=1&no_debug=true&_nocache=1663167649787594824&token=394732794e473f47765a40322e7d6b3b HTTP/1.1" 200 1569
::1 - - [14/Sep/2022:20:30:50 +0530] "POST /phpmyadmin/index.php?route=/config/set HTTP/1.1" 200 1514
::1 - - [14/Sep/2022:20:30:54 +0530] "POST /phpmyadmin/index.php?route=/table/structure/change HTTP/1.1" 200 8197
::1 - - [14/Sep/2022:20:30:54 +0530] "GET /phpmyadmin/index.php?route=/recent-table&ajax_request=1&recent_table=1&no_debug=true&_nocache=1663167654789337694&token=394732794e473f47765a40322e7d6b3b HTTP/1.1" 200 1569
::1 - - [14/Sep/2022:20:31:15 +0530] "POST /phpmyadmin/index.php?route=/table/structure/save HTTP/1.1" 200 13648
::1 - - [14/Sep/2022:20:31:15 +0530] "GET /phpmyadmin/themes/pmahomme/css/theme.css?v=5.1.3&nocache=784815012ltr&server=1 HTTP/1.1" 200 216144
::1 - - [14/Sep/2022:20:31:15 +0530] "POST /phpmyadmin/index.php?route=/config/get HTTP/1.1" 200 1524
::1 - - [14/Sep/2022:20:31:15 +0530] "POST /phpmyadmin/index.php?route=/config/get HTTP/1.1" 200 1613
::1 - - [14/Sep/2022:20:31:15 +0530] "POST /phpmyadmin/index.php?route=/navigation&ajax_request=1 HTTP/1.1" 200 2275
::1 - - [14/Sep/2022:20:31:15 +0530] "GET /phpmyadmin/index.php?route=/recent-table&ajax_request=1&recent_table=1&no_debug=true&_nocache=1663167675293172754&token=394732794e473f47765a40322e7d6b3b HTTP/1.1" 200 1569
::1 - - [14/Sep/2022:20:31:15 +0530] "POST /phpmyadmin/index.php?route=/config/set HTTP/1.1" 200 1514
::1 - - [14/Sep/2022:20:31:18 +0530] "POST /phpmyadmin/index.php?route=/table/structure/change HTTP/1.1" 200 8211
::1 - - [14/Sep/2022:20:31:18 +0530] "GET /phpmyadmin/index.php?route=/recent-table&ajax_request=1&recent_table=1&no_debug=true&_nocache=1663167678145459638&token=394732794e473f47765a40322e7d6b3b HTTP/1.1" 200 1569
::1 - - [14/Sep/2022:20:31:26 +0530] "POST /phpmyadmin/index.php?route=/table/structure/save HTTP/1.1" 200 13656
::1 - - [14/Sep/2022:20:31:27 +0530] "GET /phpmyadmin/themes/pmahomme/css/theme.css?v=5.1.3&nocache=48401496ltr&server=1 HTTP/1.1" 200 216144
::1 - - [14/Sep/2022:20:31:27 +0530] "POST /phpmyadmin/index.php?route=/config/get HTTP/1.1" 200 1524
::1 - - [14/Sep/2022:20:31:27 +0530] "POST /phpmyadmin/index.php?route=/config/get HTTP/1.1" 200 1613
::1 - - [14/Sep/2022:20:31:27 +0530] "POST /phpmyadmin/index.php?route=/navigation&ajax_request=1 HTTP/1.1" 200 2275
::1 - - [14/Sep/2022:20:31:27 +0530] "GET /phpmyadmin/index.php?route=/recent-table&ajax_request=1&recent_table=1&no_debug=true&_nocache=1663167687240417559&token=394732794e473f47765a40322e7d6b3b HTTP/1.1" 200 1569
::1 - - [14/Sep/2022:20:31:27 +0530] "POST /phpmyadmin/index.php?route=/config/set HTTP/1.1" 200 1514
::1 - - [14/Sep/2022:20:31:31 +0530] "POST /phpmyadmin/index.php?route=/table/structure/change HTTP/1.1" 200 8197
::1 - - [14/Sep/2022:20:31:31 +0530] "GET /phpmyadmin/index.php?route=/recent-table&ajax_request=1&recent_table=1&no_debug=true&_nocache=1663167691228484801&token=394732794e473f47765a40322e7d6b3b HTTP/1.1" 200 1569
::1 - - [14/Sep/2022:20:31:35 +0530] "POST /phpmyadmin/index.php?route=/table/structure/save HTTP/1.1" 200 13657
::1 - - [14/Sep/2022:20:31:35 +0530] "GET /phpmyadmin/themes/pmahomme/css/theme.css?v=5.1.3&nocache=-1224438936ltr&server=1 HTTP/1.1" 200 216144
::1 - - [14/Sep/2022:20:31:35 +0530] "POST /phpmyadmin/index.php?route=/navigation&ajax_request=1 HTTP/1.1" 200 2275
::1 - - [14/Sep/2022:20:31:35 +0530] "POST /phpmyadmin/index.php?route=/config/get HTTP/1.1" 200 1524
::1 - - [14/Sep/2022:20:31:35 +0530] "POST /phpmyadmin/index.php?route=/config/get HTTP/1.1" 200 1613
::1 - - [14/Sep/2022:20:31:35 +0530] "GET /phpmyadmin/index.php?route=/recent-table&ajax_request=1&recent_table=1&no_debug=true&_nocache=1663167695352408261&token=394732794e473f47765a40322e7d6b3b HTTP/1.1" 200 1569
::1 - - [14/Sep/2022:20:31:35 +0530] "POST /phpmyadmin/index.php?route=/config/set HTTP/1.1" 200 1514
::1 - - [14/Sep/2022:20:31:40 +0530] "GET /search_1.php?keyword=1 HTTP/1.1" 500 18
::1 - - [14/Sep/2022:20:31:40 +0530] "GET /search_1.php?keyword=1 HTTP/1.1" 500 18
::1 - - [14/Sep/2022:20:31:41 +0530] "GET /search_1.php?keyword=1 HTTP/1.1" 500 18
::1 - - [14/Sep/2022:20:32:41 +0530] "-" 408 -
::1 - - [14/Sep/2022:20:34:19 +0530] "GET /search_1.php?keyword=1 HTTP/1.1" 500 18
::1 - - [14/Sep/2022:20:34:20 +0530] "GET /search_1.php?keyword=1 HTTP/1.1" 500 18
::1 - - [14/Sep/2022:20:34:20 +0530] "GET /search_1.php?keyword=1 HTTP/1.1" 500 18
::1 - - [14/Sep/2022:20:34:20 +0530] "GET /search_1.php?keyword=1 HTTP/1.1" 500 18
::1 - - [14/Sep/2022:20:34:20 +0530] "GET /search_1.php?keyword=1 HTTP/1.1" 500 18
::1 - - [14/Sep/2022:20:34:20 +0530] "GET /search_1.php?keyword=1 HTTP/1.1" 500 18
::1 - - [14/Sep/2022:20:34:20 +0530] "GET /search_1.php?keyword=1 HTTP/1.1" 500 18
::1 - - [14/Sep/2022:20:34:21 +0530] "GET /search_1.php?keyword=1 HTTP/1.1" 500 18
::1 - - [14/Sep/2022:20:34:21 +0530] "GET /search_1.php?keyword=1 HTTP/1.1" 500 18
::1 - - [14/Sep/2022:20:35:21 +0530] "-" 408 -
::1 - - [14/Sep/2022:20:35:23 +0530] "GET /search_1.php?keyword=1 HTTP/1.1" 500 -
::1 - - [14/Sep/2022:20:35:24 +0530] "GET /search_1.php?keyword=1 HTTP/1.1" 500 -
::1 - - [14/Sep/2022:20:35:24 +0530] "GET /search_1.php?keyword=1 HTTP/1.1" 500 -
::1 - - [14/Sep/2022:20:35:24 +0530] "GET /search_1.php?keyword=1 HTTP/1.1" 500 -
::1 - - [14/Sep/2022:20:35:25 +0530] "GET /search_1.php?keyword=1 HTTP/1.1" 500 -
::1 - - [14/Sep/2022:20:35:50 +0530] "GET /search_1.php?keyword=1 HTTP/1.1" 500 -
::1 - - [14/Sep/2022:20:35:50 +0530] "GET /search_1.php?keyword=1 HTTP/1.1" 500 -
::1 - - [14/Sep/2022:20:35:50 +0530] "GET /search_1.php?keyword=1 HTTP/1.1" 500 -
::1 - - [14/Sep/2022:20:35:50 +0530] "GET /search_1.php?keyword=1 HTTP/1.1" 500 -
::1 - - [14/Sep/2022:20:35:50 +0530] "GET /search_1.php?keyword=1 HTTP/1.1" 500 -
::1 - - [14/Sep/2022:20:36:02 +0530] "GET /search_1.php?keyword=1 HTTP/1.1" 500 18
::1 - - [14/Sep/2022:20:36:03 +0530] "GET /search_1.php?keyword=1 HTTP/1.1" 500 18
::1 - - [14/Sep/2022:20:36:03 +0530] "GET /search_1.php?keyword=1 HTTP/1.1" 500 18
::1 - - [14/Sep/2022:20:36:36 +0530] "GET /search_1.php?keyword=1 HTTP/1.1" 500 18
::1 - - [14/Sep/2022:20:36:37 +0530] "GET /search_1.php?keyword=1 HTTP/1.1" 500 18
::1 - - [14/Sep/2022:20:36:37 +0530] "GET /search_1.php?keyword=1 HTTP/1.1" 500 18
::1 - - [14/Sep/2022:20:36:38 +0530] "GET /search_1.php?keyword=1 HTTP/1.1" 500 18
::1 - - [14/Sep/2022:20:36:38 +0530] "GET /search_1.php?keyword=1 HTTP/1.1" 500 18
::1 - - [14/Sep/2022:20:36:38 +0530] "GET /search_1.php?keyword=1 HTTP/1.1" 500 18
::1 - - [14/Sep/2022:20:36:38 +0530] "GET /search_1.php?keyword=1 HTTP/1.1" 500 18
::1 - - [14/Sep/2022:20:36:38 +0530] "GET /search_1.php?keyword=1 HTTP/1.1" 500 18
::1 - - [14/Sep/2022:20:36:38 +0530] "GET /search_1.php?keyword=1 HTTP/1.1" 500 18
::1 - - [14/Sep/2022:20:36:39 +0530] "GET /search_1.php?keyword=1 HTTP/1.1" 500 18
::1 - - [14/Sep/2022:20:36:39 +0530] "GET /search_1.php?keyword=1 HTTP/1.1" 500 18
::1 - - [14/Sep/2022:20:36:39 +0530] "GET /search_1.php?keyword=1 HTTP/1.1" 500 18
::1 - - [14/Sep/2022:20:36:39 +0530] "GET /search_1.php?keyword=1 HTTP/1.1" 500 18
::1 - - [14/Sep/2022:20:36:40 +0530] "GET /search_1.php?keyword=1 HTTP/1.1" 500 18
::1 - - [14/Sep/2022:20:37:40 +0530] "-" 408 -
::1 - - [14/Sep/2022:20:37:47 +0530] "GET /search_1.php?keyword=1 HTTP/1.1" 500 18
::1 - - [14/Sep/2022:20:37:50 +0530] "GET / HTTP/1.1" 200 340
::1 - - [14/Sep/2022:20:37:54 +0530] "GET / HTTP/1.1" 200 340
::1 - - [14/Sep/2022:20:37:56 +0530] "GET /search_1.php?keyword=1 HTTP/1.1" 500 18
::1 - - [14/Sep/2022:20:38:45 +0530] "POST /phpmyadmin/index.php?route=/table/structure/change HTTP/1.1" 200 8220
::1 - - [14/Sep/2022:20:38:45 +0530] "GET /phpmyadmin/index.php?route=/recent-table&ajax_request=1&recent_table=1&no_debug=true&_nocache=1663168125574874825&token=394732794e473f47765a40322e7d6b3b HTTP/1.1" 200 1569
::1 - - [14/Sep/2022:20:38:59 +0530] "POST /phpmyadmin/index.php?route=/table/structure/save HTTP/1.1" 200 13649
::1 - - [14/Sep/2022:20:38:59 +0530] "GET /phpmyadmin/themes/pmahomme/css/theme.css?v=5.1.3&nocache=-275672019ltr&server=1 HTTP/1.1" 200 216144
::1 - - [14/Sep/2022:20:38:59 +0530] "POST /phpmyadmin/index.php?route=/config/get HTTP/1.1" 200 1524
::1 - - [14/Sep/2022:20:38:59 +0530] "POST /phpmyadmin/index.php?route=/navigation&ajax_request=1 HTTP/1.1" 200 2275
::1 - - [14/Sep/2022:20:38:59 +0530] "POST /phpmyadmin/index.php?route=/config/get HTTP/1.1" 200 1613
::1 - - [14/Sep/2022:20:38:59 +0530] "GET /phpmyadmin/index.php?route=/recent-table&ajax_request=1&recent_table=1&no_debug=true&_nocache=1663168139678202421&token=394732794e473f47765a40322e7d6b3b HTTP/1.1" 200 1569
::1 - - [14/Sep/2022:20:38:59 +0530] "POST /phpmyadmin/index.php?route=/config/set HTTP/1.1" 200 1514
::1 - - [14/Sep/2022:20:39:06 +0530] "POST /phpmyadmin/index.php?route=/table/structure/change HTTP/1.1" 200 8197
::1 - - [14/Sep/2022:20:39:06 +0530] "GET /phpmyadmin/index.php?route=/recent-table&ajax_request=1&recent_table=1&no_debug=true&_nocache=1663168146384761835&token=394732794e473f47765a40322e7d6b3b HTTP/1.1" 200 1569
::1 - - [14/Sep/2022:20:39:16 +0530] "POST /phpmyadmin/index.php?route=/table/structure/save HTTP/1.1" 200 13340
::1 - - [14/Sep/2022:20:39:16 +0530] "GET /phpmyadmin/themes/pmahomme/css/theme.css?v=5.1.3&nocache=-1404615700ltr&server=1 HTTP/1.1" 200 216144
::1 - - [14/Sep/2022:20:39:16 +0530] "POST /phpmyadmin/index.php?route=/config/get HTTP/1.1" 200 1524
::1 - - [14/Sep/2022:20:39:16 +0530] "POST /phpmyadmin/index.php?route=/navigation&ajax_request=1 HTTP/1.1" 200 2275
::1 - - [14/Sep/2022:20:39:16 +0530] "POST /phpmyadmin/index.php?route=/config/get HTTP/1.1" 200 1613
::1 - - [14/Sep/2022:20:39:16 +0530] "GET /phpmyadmin/index.php?route=/recent-table&ajax_request=1&recent_table=1&no_debug=true&_nocache=1663168156809450890&token=394732794e473f47765a40322e7d6b3b HTTP/1.1" 200 1569
::1 - - [14/Sep/2022:20:39:17 +0530] "POST /phpmyadmin/index.php?route=/config/set HTTP/1.1" 200 1514
::1 - - [14/Sep/2022:20:40:48 +0530] "GET / HTTP/1.1" 200 340
::1 - - [14/Sep/2022:20:40:51 +0530] "GET /search_1.php?keyword=1 HTTP/1.1" 500 18
::1 - - [14/Sep/2022:20:40:54 +0530] "GET /search_1.php?keyword=1 HTTP/1.1" 500 18
::1 - - [14/Sep/2022:20:41:05 +0530] "GET /phpmyadmin/index.php?route=/sql&db=test&table=results&pos=0&ajax_request=true&ajax_page_request=true&_nocache=1663168265689651704&token=394732794e473f47765a40322e7d6b3b HTTP/1.1" 200 6704
::1 - - [14/Sep/2022:20:41:05 +0530] "GET /phpmyadmin/index.php?route=/recent-table&ajax_request=1&recent_table=1&no_debug=true&_nocache=1663168265892656696&token=394732794e473f47765a40322e7d6b3b HTTP/1.1" 200 1569
::1 - - [14/Sep/2022:20:41:09 +0530] "GET /phpmyadmin/index.php?route=/table/structure&db=test&table=results&ajax_request=true&ajax_page_request=true&_nocache=1663168269541334610&token=394732794e473f47765a40322e7d6b3b HTTP/1.1" 200 7010
::1 - - [14/Sep/2022:20:41:09 +0530] "GET /phpmyadmin/index.php?route=/recent-table&ajax_request=1&recent_table=1&no_debug=true&_nocache=1663168269693953974&token=394732794e473f47765a40322e7d6b3b HTTP/1.1" 200 1569
::1 - - [14/Sep/2022:20:42:38 +0530] "GET /search_1.php?keyword=1 HTTP/1.1" 500 18
::1 - - [14/Sep/2022:20:43:36 +0530] "-" 408 -
::1 - - [14/Sep/2022:20:44:04 +0530] "POST /phpmyadmin/index.php?route=/table/structure/change HTTP/1.1" 200 8213
::1 - - [14/Sep/2022:20:44:05 +0530] "GET /phpmyadmin/index.php?route=/recent-table&ajax_request=1&recent_table=1&no_debug=true&_nocache=166316844500533013&token=394732794e473f47765a40322e7d6b3b HTTP/1.1" 200 1569
::1 - - [14/Sep/2022:20:44:20 +0530] "POST /phpmyadmin/index.php?route=/table/structure/save HTTP/1.1" 200 13647
::1 - - [14/Sep/2022:20:44:20 +0530] "GET /phpmyadmin/themes/pmahomme/css/theme.css?v=5.1.3&nocache=1886466756ltr&server=1 HTTP/1.1" 200 216144
::1 - - [14/Sep/2022:20:44:20 +0530] "POST /phpmyadmin/index.php?route=/config/get HTTP/1.1" 200 1524
::1 - - [14/Sep/2022:20:44:20 +0530] "POST /phpmyadmin/index.php?route=/navigation&ajax_request=1 HTTP/1.1" 200 2275
::1 - - [14/Sep/2022:20:44:20 +0530] "POST /phpmyadmin/index.php?route=/config/get HTTP/1.1" 200 1613
::1 - - [14/Sep/2022:20:44:20 +0530] "GET /phpmyadmin/index.php?route=/recent-table&ajax_request=1&recent_table=1&no_debug=true&_nocache=1663168460394165927&token=394732794e473f47765a40322e7d6b3b HTTP/1.1" 200 1569
::1 - - [14/Sep/2022:20:44:20 +0530] "POST /phpmyadmin/index.php?route=/config/set HTTP/1.1" 200 1514
::1 - - [14/Sep/2022:20:44:23 +0530] "POST /phpmyadmin/index.php?route=/table/structure/change HTTP/1.1" 200 8191
::1 - - [14/Sep/2022:20:44:23 +0530] "GET /phpmyadmin/index.php?route=/recent-table&ajax_request=1&recent_table=1&no_debug=true&_nocache=166316846371467195&token=394732794e473f47765a40322e7d6b3b HTTP/1.1" 200 1569
::1 - - [14/Sep/2022:20:44:27 +0530] "POST /phpmyadmin/index.php?route=/table/structure/save HTTP/1.1" 200 13647
::1 - - [14/Sep/2022:20:44:27 +0530] "GET /phpmyadmin/themes/pmahomme/css/theme.css?v=5.1.3&nocache=2123902827ltr&server=1 HTTP/1.1" 200 216144
::1 - - [14/Sep/2022:20:44:27 +0530] "POST /phpmyadmin/index.php?route=/navigation&ajax_request=1 HTTP/1.1" 200 2275
::1 - - [14/Sep/2022:20:44:27 +0530] "POST /phpmyadmin/index.php?route=/config/get HTTP/1.1" 200 1524
::1 - - [14/Sep/2022:20:44:27 +0530] "POST /phpmyadmin/index.php?route=/config/get HTTP/1.1" 200 1613
::1 - - [14/Sep/2022:20:44:27 +0530] "GET /phpmyadmin/index.php?route=/recent-table&ajax_request=1&recent_table=1&no_debug=true&_nocache=1663168467869995380&token=394732794e473f47765a40322e7d6b3b HTTP/1.1" 200 1569
::1 - - [14/Sep/2022:20:44:28 +0530] "POST /phpmyadmin/index.php?route=/config/set HTTP/1.1" 200 1514
::1 - - [14/Sep/2022:20:44:30 +0530] "POST /phpmyadmin/index.php?route=/table/structure/change HTTP/1.1" 200 8196
::1 - - [14/Sep/2022:20:44:30 +0530] "GET /phpmyadmin/index.php?route=/recent-table&ajax_request=1&recent_table=1&no_debug=true&_nocache=1663168470336205249&token=394732794e473f47765a40322e7d6b3b HTTP/1.1" 200 1569
::1 - - [14/Sep/2022:20:44:38 +0530] "POST /phpmyadmin/index.php?route=/table/structure/save HTTP/1.1" 200 13644
::1 - - [14/Sep/2022:20:44:38 +0530] "GET /phpmyadmin/themes/pmahomme/css/theme.css?v=5.1.3&nocache=1304506717ltr&server=1 HTTP/1.1" 200 216144
::1 - - [14/Sep/2022:20:44:38 +0530] "POST /phpmyadmin/index.php?route=/navigation&ajax_request=1 HTTP/1.1" 200 2275
::1 - - [14/Sep/2022:20:44:38 +0530] "POST /phpmyadmin/index.php?route=/config/get HTTP/1.1" 200 1524
::1 - - [14/Sep/2022:20:44:38 +0530] "POST /phpmyadmin/index.php?route=/config/get HTTP/1.1" 200 1613
::1 - - [14/Sep/2022:20:44:38 +0530] "GET /phpmyadmin/index.php?route=/recent-table&ajax_request=1&recent_table=1&no_debug=true&_nocache=1663168478989183982&token=394732794e473f47765a40322e7d6b3b HTTP/1.1" 200 1569
::1 - - [14/Sep/2022:20:44:39 +0530] "POST /phpmyadmin/index.php?route=/config/set HTTP/1.1" 200 1514
::1 - - [14/Sep/2022:20:44:45 +0530] "GET / HTTP/1.1" 200 340
::1 - - [14/Sep/2022:20:44:46 +0530] "GET / HTTP/1.1" 200 340
::1 - - [14/Sep/2022:20:44:47 +0530] "GET /search_1.php?keyword=1 HTTP/1.1" 500 18
::1 - - [14/Sep/2022:20:45:09 +0530] "GET /search_1.php?keyword=1 HTTP/1.1" 200 27
::1 - - [14/Sep/2022:20:45:13 +0530] "GET /search_1.php?keyword=1 HTTP/1.1" 200 27
::1 - - [14/Sep/2022:20:45:24 +0530] "GET /phpmyadmin/index.php?route=/sql&server=1&db=test&table=results&pos=0&ajax_request=true&ajax_page_request=true&_nocache=166316852402734091&token=394732794e473f47765a40322e7d6b3b HTTP/1.1" 200 6572
::1 - - [14/Sep/2022:20:45:24 +0530] "GET /phpmyadmin/index.php?route=/recent-table&ajax_request=1&recent_table=1&no_debug=true&_nocache=16631685241841102&token=394732794e473f47765a40322e7d6b3b HTTP/1.1" 200 1569
::1 - - [14/Sep/2022:20:45:48 +0530] "GET /search_1.php?keyword=2 HTTP/1.1" 200 27
::1 - - [14/Sep/2022:20:46:38 +0530] "GET /search_1.php?keyword=2 HTTP/1.1" 200 27
::1 - - [14/Sep/2022:20:47:09 +0530] "GET /search_1.php?keyword=name HTTP/1.1" 200 27
::1 - - [14/Sep/2022:20:48:09 +0530] "-" 408 -
::1 - - [14/Sep/2022:20:48:24 +0530] "GET /search_1.php?keyword=1 HTTP/1.1" 200 27
::1 - - [14/Sep/2022:20:48:38 +0530] "GET /search_1.php?keyword=1 HTTP/1.1" 200 27
::1 - - [14/Sep/2022:20:49:38 +0530] "-" 408 -
::1 - - [14/Sep/2022:20:49:53 +0530] "GET /search_1.php?keyword=1 HTTP/1.1" 200 66
::1 - - [14/Sep/2022:20:50:53 +0530] "-" 408 -
::1 - - [14/Sep/2022:20:50:54 +0530] "GET / HTTP/1.1" 200 340
::1 - - [14/Sep/2022:20:50:56 +0530] "GET /search_1.php?keyword=1 HTTP/1.1" 200 66
::1 - - [14/Sep/2022:20:51:00 +0530] "GET /search_1.php?keyword=2 HTTP/1.1" 200 68
::1 - - [14/Sep/2022:20:51:14 +0530] "GET /search_1.php?keyword=3 HTTP/1.1" 200 27
::1 - - [14/Sep/2022:20:51:17 +0530] "GET /search_1.php?keyword=1 HTTP/1.1" 200 66
::1 - - [14/Sep/2022:20:52:14 +0530] "-" 408 -
::1 - - [14/Sep/2022:20:52:40 +0530] "GET /search_1.php?keyword=1 HTTP/1.1" 500 -
::1 - - [14/Sep/2022:20:53:05 +0530] "GET /search_1.php?keyword=1 HTTP/1.1" 200 68
::1 - - [14/Sep/2022:20:53:48 +0530] "GET /search_1.php?keyword=1 HTTP/1.1" 200 44
::1 - - [14/Sep/2022:20:54:48 +0530] "-" 408 -
::1 - - [14/Sep/2022:20:55:54 +0530] "GET /search_1.php?keyword=1 HTTP/1.1" 200 81
::1 - - [14/Sep/2022:20:56:46 +0530] "GET /phpmyadmin/index.php?route=/table/change&db=test&table=results&ajax_request=true&ajax_page_request=true&_nocache=1663169206809985587&token=394732794e473f47765a40322e7d6b3b HTTP/1.1" 200 6347
::1 - - [14/Sep/2022:20:56:46 +0530] "GET /phpmyadmin/index.php?route=/recent-table&ajax_request=1&recent_table=1&no_debug=true&_nocache=1663169206996367398&token=394732794e473f47765a40322e7d6b3b HTTP/1.1" 200 1569
::1 - - [14/Sep/2022:20:57:16 +0530] "GET /search_1.php?keyword=1 HTTP/1.1" 200 81
::1 - - [14/Sep/2022:20:57:51 +0530] "POST /phpmyadmin/index.php?route=/table/replace HTTP/1.1" 200 5368
::1 - - [14/Sep/2022:20:57:51 +0530] "GET /phpmyadmin/index.php?route=/recent-table&ajax_request=1&recent_table=1&no_debug=true&_nocache=1663169271848922202&token=394732794e473f47765a40322e7d6b3b HTTP/1.1" 200 1569
::1 - - [14/Sep/2022:20:57:51 +0530] "POST /phpmyadmin/index.php?route=/lint HTTP/1.1" 200 28
::1 - - [14/Sep/2022:20:57:54 +0530] "GET /phpmyadmin/index.php?route=/sql&db=test&table=results&pos=0&ajax_request=true&ajax_page_request=true&_nocache=1663169274931354821&token=394732794e473f47765a40322e7d6b3b HTTP/1.1" 200 6607
::1 - - [14/Sep/2022:20:57:55 +0530] "GET /phpmyadmin/index.php?route=/recent-table&ajax_request=1&recent_table=1&no_debug=true&_nocache=1663169275104135939&token=394732794e473f47765a40322e7d6b3b HTTP/1.1" 200 1569
::1 - - [14/Sep/2022:20:58:11 +0530] "GET /search_1.php?keyword=Y123456789 HTTP/1.1" 200 93
::1 - - [14/Sep/2022:20:59:11 +0530] "-" 408 -
::1 - - [14/Sep/2022:21:39:11 +0530] "GET /phpmyadmin/ HTTP/1.1" 200 4867
::1 - - [14/Sep/2022:21:39:11 +0530] "GET /phpmyadmin/js/messages.php?l=en&v=5.1.3 HTTP/1.1" 200 7921
::1 - - [14/Sep/2022:21:39:19 +0530] "POST /phpmyadmin/index.php?route=/ HTTP/1.1" 302 20
::1 - - [14/Sep/2022:21:39:19 +0530] "GET /phpmyadmin/index.php?route=/&route=%2F HTTP/1.1" 200 14730
::1 - - [14/Sep/2022:21:39:19 +0530] "GET /phpmyadmin/themes/pmahomme/css/theme.css?v=5.1.3&nocache=1721711772ltr&server=1 HTTP/1.1" 200 216144
::1 - - [14/Sep/2022:21:39:20 +0530] "POST /phpmyadmin/index.php?route=/config/get HTTP/1.1" 200 1522
::1 - - [14/Sep/2022:21:39:20 +0530] "POST /phpmyadmin/index.php?route=/navigation&ajax_request=1 HTTP/1.1" 200 2040
::1 - - [14/Sep/2022:21:39:20 +0530] "POST /phpmyadmin/index.php?route=/config/get HTTP/1.1" 200 1611
::1 - - [14/Sep/2022:21:39:20 +0530] "POST /phpmyadmin/index.php?route=/version-check HTTP/1.1" 200 48
::1 - - [14/Sep/2022:21:39:20 +0530] "POST /phpmyadmin/index.php?route=/navigation&ajax_request=1 HTTP/1.1" 200 1873
::1 - - [14/Sep/2022:21:39:20 +0530] "POST /phpmyadmin/index.php?route=/config/set HTTP/1.1" 200 1512
::1 - - [14/Sep/2022:21:39:39 +0530] "GET /phpmyadmin/index.php?route=/sql&server=1&db=test&table=results&pos=0&ajax_request=true&ajax_page_request=true&_nocache=1663171779561291150&token=712e3b75302c574a354f317045266571 HTTP/1.1" 200 6599
::1 - - [14/Sep/2022:21:39:39 +0530] "GET /phpmyadmin/index.php?route=/recent-table&ajax_request=1&recent_table=1&no_debug=true&_nocache=1663171779717584611&token=712e3b75302c574a354f317045266571 HTTP/1.1" 200 1569
::1 - - [14/Sep/2022:21:43:56 +0530] "GET /phpmyadmin/ HTTP/1.1" 200 14759
::1 - - [14/Sep/2022:21:43:56 +0530] "GET /phpmyadmin/themes/pmahomme/css/theme.css?v=5.1.3&nocache=-1072159042ltr&server=1 HTTP/1.1" 200 216144
::1 - - [14/Sep/2022:21:43:56 +0530] "POST /phpmyadmin/index.php?route=/config/get HTTP/1.1" 200 1523
::1 - - [14/Sep/2022:21:43:56 +0530] "POST /phpmyadmin/index.php?route=/navigation&ajax_request=1 HTTP/1.1" 200 2073
::1 - - [14/Sep/2022:21:43:56 +0530] "POST /phpmyadmin/index.php?route=/config/get HTTP/1.1" 200 1614
::1 - - [14/Sep/2022:21:43:56 +0530] "POST /phpmyadmin/index.php?route=/version-check HTTP/1.1" 200 48
::1 - - [14/Sep/2022:21:43:56 +0530] "POST /phpmyadmin/index.php?route=/navigation&ajax_request=1 HTTP/1.1" 200 1872
::1 - - [14/Sep/2022:21:43:56 +0530] "POST /phpmyadmin/index.php?route=/config/set HTTP/1.1" 200 1515
::1 - - [14/Sep/2022:21:43:59 +0530] "GET /phpmyadmin/index.php?route=/database/structure&server=1&db=test&ajax_request=true&ajax_page_request=true&_nocache=1663172039937285551&token=712e3b75302c574a354f317045266571 HTTP/1.1" 200 4985
::1 - - [14/Sep/2022:21:44:03 +0530] "GET /phpmyadmin/index.php?route=/database/export&db=test&ajax_request=true&ajax_page_request=true&_nocache=1663172043151567780&token=712e3b75302c574a354f317045266571 HTTP/1.1" 200 12780
::1 - - [14/Sep/2022:21:44:06 +0530] "POST /phpmyadmin/index.php?route=/export HTTP/1.1" 200 1236
::1 - - [14/Sep/2022:21:45:06 +0530] "-" 408 -
::1 - - [14/Sep/2022:21:49:08 +0530] "GET /phpmyadmin/index.php?route=/export/check-time-out&ajax_request=true&_nocache=1663172348056318571&token=712e3b75302c574a354f317045266571 HTTP/1.1" 200 1522
::1 - - [14/Sep/2022:22:03:35 +0530] "POST /phpmyadmin/index.php?route=/ HTTP/1.1" 200 1555
::1 - - [14/Sep/2022:22:07:59 +0530] "POST /phpmyadmin/index.php?route=/ HTTP/1.1" 200 1555
::1 - - [14/Sep/2022:22:13:20 +0530] "POST /phpmyadmin/index.php?route=/ HTTP/1.1" 200 1555
::1 - - [14/Sep/2022:22:22:55 +0530] "POST /phpmyadmin/index.php?route=/ HTTP/1.1" 200 1555
::1 - - [14/Sep/2022:22:31:41 +0530] "POST /phpmyadmin/index.php?route=/ HTTP/1.1" 200 1555
::1 - - [14/Sep/2022:22:32:20 +0530] "POST /phpmyadmin/index.php?route=/ HTTP/1.1" 200 1555
::1 - - [14/Sep/2022:22:37:10 +0530] "GET / HTTP/1.1" 200 340
::1 - - [14/Sep/2022:22:37:13 +0530] "GET /search_1.php?keyword=1 HTTP/1.1" 200 156
::1 - - [14/Sep/2022:22:38:10 +0530] "-" 408 -
